2013/06/15 22:49:05 にビルドを開始しました。
     1>ノード 2 上のプロジェクト "C:\LeftFeltGit\cpp\Project\Clustering\Clustering\Clustering.vcxproj" (build ターゲット)。
     1>InitializeBuildStatus:
         "Release\Clustering.unsuccessfulbuild" のタッチ タスクを実行しています。
       ClCompile:
         C:\Program Files (x86)\Microsoft Visual Studio 10.0\VC\bin\CL.exe /c /Zi /nologo /W3 /WX- /O2 /Oi /Oy- /GL /Gm- /EHsc /MD /GS /Gy /fp:precise /Zc:wchar_t /Zc:forScope /Fo"Release\\" /Fd"Release\vc100.pdb" /Gd /TP /analyze- /errorReport:prompt ..\..\..\src\CameraClass.cpp ClassifierClass.cpp ClusterRepository.cpp Converter.cpp fuzzyCMeansClassifierClass.cpp KMeansClassifierClass.cpp main.cpp PatternRepository.cpp RelationDataRepository.cpp Testament.cpp
         CameraClass.cpp
     1>..\..\..\src\CameraClass.cpp(1): fatal error C1083: include ファイルを開けません。'CameraClass.h': No such file or directory
         ClassifierClass.cpp
     1>c:\leftfeltgit\cpp\project\clustering\clustering\ClassifierClass.h(15): fatal error C1083: include ファイルを開けません。'gui/ImageClass.h': No such file or directory
         ClusterRepository.cpp
     1>c:\leftfeltgit\cpp\project\clustering\clustering\ClassifierClass.h(15): fatal error C1083: include ファイルを開けません。'gui/ImageClass.h': No such file or directory
         Converter.cpp
     1>c:\leftfeltgit\cpp\project\clustering\clustering\Converter.h(10): fatal error C1083: include ファイルを開けません。'image_util/ImageUtilClass.h': No such file or directory
         fuzzyCMeansClassifierClass.cpp
     1>c:\leftfeltgit\cpp\project\clustering\clustering\ClassifierClass.h(15): fatal error C1083: include ファイルを開けません。'gui/ImageClass.h': No such file or directory
         KMeansClassifierClass.cpp
     1>c:\leftfeltgit\cpp\project\clustering\clustering\ClassifierClass.h(15): fatal error C1083: include ファイルを開けません。'gui/ImageClass.h': No such file or directory
         main.cpp
     1>main.cpp(9): fatal error C1083: include ファイルを開けません。'gui/Application.h': No such file or directory
         PatternRepository.cpp
     1>c:\leftfeltgit\cpp\project\clustering\clustering\ClassifierClass.h(15): fatal error C1083: include ファイルを開けません。'gui/ImageClass.h': No such file or directory
         RelationDataRepository.cpp
     1>c1xx : fatal error C1083: ソース ファイルを開けません。'RelationDataRepository.cpp': No such file or directory
         Testament.cpp
     1>c:\leftfeltgit\cpp\project\clustering\clustering\ClassifierClass.h(15): fatal error C1083: include ファイルを開けません。'gui/ImageClass.h': No such file or directory
     1>プロジェクト "C:\LeftFeltGit\cpp\Project\Clustering\Clustering\Clustering.vcxproj" (build ターゲット) のビルドが終了しました -- 失敗。

ビルドに失敗しました。

経過時間 00:00:00.42
